C:\Users\The_N\OneDrive\Documents\GitHub\Epics-Issues\RotateAPI\Webpages\dist\out-tsc\app\app-routing.module.js
C:\Users\The_N\OneDrive\Documents\GitHub\Epics-Issues\RotateAPI\Webpages\dist\out-tsc\app\app-routing.module.js.map
C:\Users\The_N\OneDrive\Documents\GitHub\Epics-Issues\RotateAPI\Webpages\dist\out-tsc\app\app.component.js
C:\Users\The_N\OneDrive\Documents\GitHub\Epics-Issues\RotateAPI\Webpages\dist\out-tsc\app\app.component.js.map
C:\Users\The_N\OneDrive\Documents\GitHub\Epics-Issues\RotateAPI\Webpages\dist\out-tsc\app\login-page\login-page.component.js
C:\Users\The_N\OneDrive\Documents\GitHub\Epics-Issues\RotateAPI\Webpages\dist\out-tsc\app\login-page\login-page.component.js.map
C:\Users\The_N\OneDrive\Documents\GitHub\Epics-Issues\RotateAPI\Webpages\dist\out-tsc\app\shared\user.model.js
C:\Users\The_N\OneDrive\Documents\GitHub\Epics-Issues\RotateAPI\Webpages\dist\out-tsc\app\shared\user.model.js.map
C:\Users\The_N\OneDrive\Documents\GitHub\Epics-Issues\RotateAPI\Webpages\dist\out-tsc\app\shared\user.service.js
C:\Users\The_N\OneDrive\Documents\GitHub\Epics-Issues\RotateAPI\Webpages\dist\out-tsc\app\shared\user.service.js.map
C:\Users\The_N\OneDrive\Documents\GitHub\Epics-Issues\RotateAPI\Webpages\dist\out-tsc\app\login-page\login-form\login-form.component.js
C:\Users\The_N\OneDrive\Documents\GitHub\Epics-Issues\RotateAPI\Webpages\dist\out-tsc\app\login-page\login-form\login-form.component.js.map
C:\Users\The_N\OneDrive\Documents\GitHub\Epics-Issues\RotateAPI\Webpages\dist\out-tsc\app\app.module.js
C:\Users\The_N\OneDrive\Documents\GitHub\Epics-Issues\RotateAPI\Webpages\dist\out-tsc\app\app.module.js.map
C:\Users\The_N\OneDrive\Documents\GitHub\Epics-Issues\RotateAPI\Webpages\dist\out-tsc\environments\environment.js
C:\Users\The_N\OneDrive\Documents\GitHub\Epics-Issues\RotateAPI\Webpages\dist\out-tsc\environments\environment.js.map
C:\Users\The_N\OneDrive\Documents\GitHub\Epics-Issues\RotateAPI\Webpages\dist\out-tsc\main.js
C:\Users\The_N\OneDrive\Documents\GitHub\Epics-Issues\RotateAPI\Webpages\dist\out-tsc\main.js.map
C:\Users\The_N\OneDrive\Documents\GitHub\Epics-Issues\RotateAPI\Webpages\dist\out-tsc\polyfills.js
C:\Users\The_N\OneDrive\Documents\GitHub\Epics-Issues\RotateAPI\Webpages\dist\out-tsc\polyfills.js.map
C:\Users\The_N\OneDrive\Documents\GitHub\Epics-Issues\RotateAPI\Webpages\dist\out-tsc\test.js
C:\Users\The_N\OneDrive\Documents\GitHub\Epics-Issues\RotateAPI\Webpages\dist\out-tsc\test.js.map
C:\Users\The_N\OneDrive\Documents\GitHub\Epics-Issues\RotateAPI\Webpages\dist\out-tsc\app\app.component.spec.js
C:\Users\The_N\OneDrive\Documents\GitHub\Epics-Issues\RotateAPI\Webpages\dist\out-tsc\app\app.component.spec.js.map
C:\Users\The_N\OneDrive\Documents\GitHub\Epics-Issues\RotateAPI\Webpages\dist\out-tsc\app\login-page\login-page.component.spec.js
C:\Users\The_N\OneDrive\Documents\GitHub\Epics-Issues\RotateAPI\Webpages\dist\out-tsc\app\login-page\login-page.component.spec.js.map
C:\Users\The_N\OneDrive\Documents\GitHub\Epics-Issues\RotateAPI\Webpages\dist\out-tsc\app\login-page\login-form\login-form.component.spec.js
C:\Users\The_N\OneDrive\Documents\GitHub\Epics-Issues\RotateAPI\Webpages\dist\out-tsc\app\login-page\login-form\login-form.component.spec.js.map
C:\Users\The_N\OneDrive\Documents\GitHub\Epics-Issues\RotateAPI\Webpages\dist\out-tsc\environments\environment.prod.js
C:\Users\The_N\OneDrive\Documents\GitHub\Epics-Issues\RotateAPI\Webpages\dist\out-tsc\environments\environment.prod.js.map
